2026-07-14 12:08:09.489 INFO c.a.d.c.c.BatchConfigRestaurantMenu [main] restaurantMenuItemReader: checking 5 effective restaurants for menu data
2026-07-14 12:08:10.631 INFO c.a.d.c.d.s.RestClientService [main] getGlobalMenuJson: Processing menu for restaurant:Edo Japan with json size:96419
2026-07-14 12:08:10.893 INFO c.a.d.c.d.s.RestClientService [main] getGlobalMenuJson: Processing menu for restaurant:King Palace with json size:128451
2026-07-14 12:08:11.144 INFO c.a.d.c.d.s.RestClientService [main] getGlobalMenuJson: Processing menu for restaurant:OPA! with json size:68404
2026-07-14 12:08:11.400 INFO c.a.d.c.d.s.RestClientService [main] getGlobalMenuJson: Processing menu for restaurant:Original Joe's Strathmore with json size:109543
2026-07-14 12:08:11.607 INFO c.a.d.c.d.s.RestClientService [main] getGlobalMenuJson: Processing menu for restaurant:Pho Minh with json size:125803
2026-07-14 12:08:11.613 INFO c.a.d.c.c.BatchConfigRestaurantMenu [main] restaurantMenuItemReader: queued 5 menu payloads for import
2026-07-14 12:08:12.420 INFO c.a.d.c.d.s.RestaurantMenuImportService [main] importMenu: imported menu version 2 for restaurant Edo Japan (402973)
2026-07-14 12:08:12.909 INFO c.a.d.c.d.s.RestaurantMenuImportService [main] importMenu: imported menu version 3 for restaurant King Palace (616253)
2026-07-14 12:08:13.340 INFO c.a.d.c.d.s.RestaurantMenuImportService [main] importMenu: imported menu version 2 for restaurant OPA! (402985)
2026-07-14 12:08:13.900 INFO c.a.d.c.d.s.RestaurantMenuImportService [main] importMenu: imported menu version 2 for restaurant Original Joe's Strathmore (402986)
2026-07-14 12:08:14.574 INFO c.a.d.c.d.s.RestaurantMenuImportService [main] importMenu: imported menu version 2 for restaurant Pho Minh (402990)
2026-07-14 14:29:58.640 WARN o.h.e.j.e.i.JdbcEnvironmentInitiator [main] HHH100046: Could not obtain connection to query JDBC database metadata
java.lang.RuntimeException: Driver org.mariadb.jdbc.Driver claims to not accept jdbcUrl, ${DM_DB_URL}
	at com.zaxxer.hikari.util.DriverDataSource.<init>(DriverDataSource.java:116)
	at com.zaxxer.hikari.pool.PoolBase.initializeDataSource(PoolBase.java:336)
	at com.zaxxer.hikari.pool.PoolBase.<init>(PoolBase.java:121)
	at com.zaxxer.hikari.pool.HikariPool.<init>(HikariPool.java:90)
	at com.zaxxer.hikari.HikariDataSource.getConnection(HikariDataSource.java:111)
	at org.hibernate.engine.jdbc.connections.internal.DataSourceConnectionProvider.getConnection(DataSourceConnectionProvider.java:137)
	at org.hibernate.engine.jdbc.env.internal.JdbcEnvironmentInitiator$ConnectionProviderJdbcConnectionAccess.obtainConnection(JdbcEnvironmentInitiator.java:508)
	at org.hibernate.resource.transaction.backend.jdbc.internal.JdbcIsolationDelegate.delegateWork(JdbcIsolationDelegate.java:48)
	at org.hibernate.engine.jdbc.env.internal.JdbcEnvironmentInitiator.getJdbcEnvironmentUsingJdbcMetadata(JdbcEnvironmentInitiator.java:366)
	at org.hibernate.engine.jdbc.env.internal.JdbcEnvironmentInitiator.getJdbcEnvironment(JdbcEnvironmentInitiator.java:143)
	at org.hibernate.engine.jdbc.env.internal.JdbcEnvironmentInitiator.initiateService(JdbcEnvironmentInitiator.java:120)
	at org.hibernate.engine.jdbc.env.internal.JdbcEnvironmentInitiator.initiateService(JdbcEnvironmentInitiator.java:80)
	at org.hibernate.boot.registry.internal.StandardServiceRegistryImpl.initiateService(StandardServiceRegistryImpl.java:133)
	at org.hibernate.service.internal.AbstractServiceRegistryImpl.createService(AbstractServiceRegistryImpl.java:260)
	at org.hibernate.service.internal.AbstractServiceRegistryImpl.initializeService(AbstractServiceRegistryImpl.java:235)
	at org.hibernate.service.internal.AbstractServiceRegistryImpl.getService(AbstractServiceRegistryImpl.java:212)
	at org.hibernate.boot.model.relational.Database.<init>(Database.java:44)
	at org.hibernate.boot.internal.InFlightMetadataCollectorImpl.getDatabase(InFlightMetadataCollectorImpl.java:251)
	at org.hibernate.boot.internal.InFlightMetadataCollectorImpl.<init>(InFlightMetadataCollectorImpl.java:203)
	at org.hibernate.boot.model.process.spi.MetadataBuildingProcess.complete(MetadataBuildingProcess.java:172)
	at org.hibernate.jpa.boot.internal.EntityManagerFactoryBuilderImpl.metadata(EntityManagerFactoryBuilderImpl.java:1392)
	at org.hibernate.jpa.boot.internal.EntityManagerFactoryBuilderImpl.populateSessionFactoryBuilder(EntityManagerFactoryBuilderImpl.java:1472)
	at org.hibernate.jpa.boot.internal.EntityManagerFactoryBuilderImpl.build(EntityManagerFactoryBuilderImpl.java:1454)
	at org.springframework.orm.jpa.vendor.SpringHibernateJpaPersistenceProvider.createContainerEntityManagerFactory(SpringHibernateJpaPersistenceProvider.java:93)
	at org.springframework.orm.jpa.LocalContainerEntityManagerFactoryBean.createNativeEntityManagerFactory(LocalContainerEntityManagerFactoryBean.java:443)
	at org.springframework.orm.jpa.AbstractEntityManagerFactoryBean.buildNativeEntityManagerFactory(AbstractEntityManagerFactoryBean.java:436)
	at org.springframework.orm.jpa.AbstractEntityManagerFactoryBean.afterPropertiesSet(AbstractEntityManagerFactoryBean.java:411)
	at org.springframework.orm.jpa.LocalContainerEntityManagerFactoryBean.afterPropertiesSet(LocalContainerEntityManagerFactoryBean.java:419)
	at org.springframework.beans.factory.support.AbstractAutowireCapableBeanFactory.invokeInitMethods(AbstractAutowireCapableBeanFactory.java:1864)
	at org.springframework.beans.factory.support.AbstractAutowireCapableBeanFactory.initializeBean(AbstractAutowireCapableBeanFactory.java:1813)
	at org.springframework.beans.factory.support.AbstractAutowireCapableBeanFactory.doCreateBean(AbstractAutowireCapableBeanFactory.java:603)
	at org.springframework.beans.factory.support.AbstractAutowireCapableBeanFactory.createBean(AbstractAutowireCapableBeanFactory.java:525)
	at org.springframework.beans.factory.support.AbstractBeanFactory.lambda$doGetBean$0(AbstractBeanFactory.java:333)
	at org.springframework.beans.factory.support.DefaultSingletonBeanRegistry.getSingleton(DefaultSingletonBeanRegistry.java:371)
	at org.springframework.beans.factory.support.AbstractBeanFactory.doGetBean(AbstractBeanFactory.java:331)
	at org.springframework.beans.factory.support.AbstractBeanFactory.getBean(AbstractBeanFactory.java:201)
	at org.springframework.context.support.AbstractApplicationContext.finishBeanFactoryInitialization(AbstractApplicationContext.java:977)
	at org.springframework.context.support.AbstractApplicationContext.refresh(AbstractApplicationContext.java:621)
	at org.springframework.boot.SpringApplication.refresh(SpringApplication.java:756)
	at org.springframework.boot.SpringApplication.refreshContext(SpringApplication.java:445)
	at org.springframework.boot.SpringApplication.run(SpringApplication.java:321)
	at org.springframework.boot.SpringApplication.run(SpringApplication.java:1365)
	at org.springframework.boot.SpringApplication.run(SpringApplication.java:1354)
	at ca.admin.delivermore.collector.CollectorApplication.main(CollectorApplication.java:47)
2026-07-14 14:29:58.642 ERROR o.s.o.j.AbstractEntityManagerFactoryBean [main] Failed to initialize JPA EntityManagerFactory: Unable to create requested service [org.hibernate.engine.jdbc.env.spi.JdbcEnvironment] due to: Unable to determine Dialect without JDBC metadata (please set 'jakarta.persistence.jdbc.url' for common cases or 'hibernate.dialect' when a custom Dialect implementation must be provided)
2026-07-14 14:29:58.643 WARN o.s.c.s.AbstractApplicationContext [main] Exception encountered during context initialization - cancelling refresh attempt: org.springframework.beans.factory.BeanCreationException: Error creating bean with name 'entityManagerFactory' defined in class path resource [org/springframework/boot/hibernate/autoconfigure/HibernateJpaConfiguration.class]: Unable to create requested service [org.hibernate.engine.jdbc.env.spi.JdbcEnvironment] due to: Unable to determine Dialect without JDBC metadata (please set 'jakarta.persistence.jdbc.url' for common cases or 'hibernate.dialect' when a custom Dialect implementation must be provided)
2026-07-14 14:29:58.654 ERROR o.s.b.SpringApplication [main] Application run failed
org.springframework.beans.factory.BeanCreationException: Error creating bean with name 'entityManagerFactory' defined in class path resource [org/springframework/boot/hibernate/autoconfigure/HibernateJpaConfiguration.class]: Unable to create requested service [org.hibernate.engine.jdbc.env.spi.JdbcEnvironment] due to: Unable to determine Dialect without JDBC metadata (please set 'jakarta.persistence.jdbc.url' for common cases or 'hibernate.dialect' when a custom Dialect implementation must be provided)
	at org.springframework.beans.factory.support.AbstractAutowireCapableBeanFactory.initializeBean(AbstractAutowireCapableBeanFactory.java:1817)
	at org.springframework.beans.factory.support.AbstractAutowireCapableBeanFactory.doCreateBean(AbstractAutowireCapableBeanFactory.java:603)
	at org.springframework.beans.factory.support.AbstractAutowireCapableBeanFactory.createBean(AbstractAutowireCapableBeanFactory.java:525)
	at org.springframework.beans.factory.support.AbstractBeanFactory.lambda$doGetBean$0(AbstractBeanFactory.java:333)
	at org.springframework.beans.factory.support.DefaultSingletonBeanRegistry.getSingleton(DefaultSingletonBeanRegistry.java:371)
	at org.springframework.beans.factory.support.AbstractBeanFactory.doGetBean(AbstractBeanFactory.java:331)
	at org.springframework.beans.factory.support.AbstractBeanFactory.getBean(AbstractBeanFactory.java:201)
	at org.springframework.context.support.AbstractApplicationContext.finishBeanFactoryInitialization(AbstractApplicationContext.java:977)
	at org.springframework.context.support.AbstractApplicationContext.refresh(AbstractApplicationContext.java:621)
	at org.springframework.boot.SpringApplication.refresh(SpringApplication.java:756)
	at org.springframework.boot.SpringApplication.refreshContext(SpringApplication.java:445)
	at org.springframework.boot.SpringApplication.run(SpringApplication.java:321)
	at org.springframework.boot.SpringApplication.run(SpringApplication.java:1365)
	at org.springframework.boot.SpringApplication.run(SpringApplication.java:1354)
	at ca.admin.delivermore.collector.CollectorApplication.main(CollectorApplication.java:47)
Caused by: org.hibernate.service.spi.ServiceException: Unable to create requested service [org.hibernate.engine.jdbc.env.spi.JdbcEnvironment] due to: Unable to determine Dialect without JDBC metadata (please set 'jakarta.persistence.jdbc.url' for common cases or 'hibernate.dialect' when a custom Dialect implementation must be provided)
	at org.hibernate.service.internal.AbstractServiceRegistryImpl.createService(AbstractServiceRegistryImpl.java:273)
	at org.hibernate.service.internal.AbstractServiceRegistryImpl.initializeService(AbstractServiceRegistryImpl.java:235)
	at org.hibernate.service.internal.AbstractServiceRegistryImpl.getService(AbstractServiceRegistryImpl.java:212)
	at org.hibernate.boot.model.relational.Database.<init>(Database.java:44)
	at org.hibernate.boot.internal.InFlightMetadataCollectorImpl.getDatabase(InFlightMetadataCollectorImpl.java:251)
	at org.hibernate.boot.internal.InFlightMetadataCollectorImpl.<init>(InFlightMetadataCollectorImpl.java:203)
	at org.hibernate.boot.model.process.spi.MetadataBuildingProcess.complete(MetadataBuildingProcess.java:172)
	at org.hibernate.jpa.boot.internal.EntityManagerFactoryBuilderImpl.metadata(EntityManagerFactoryBuilderImpl.java:1392)
	at org.hibernate.jpa.boot.internal.EntityManagerFactoryBuilderImpl.populateSessionFactoryBuilder(EntityManagerFactoryBuilderImpl.java:1472)
	at org.hibernate.jpa.boot.internal.EntityManagerFactoryBuilderImpl.build(EntityManagerFactoryBuilderImpl.java:1454)
	at org.springframework.orm.jpa.vendor.SpringHibernateJpaPersistenceProvider.createContainerEntityManagerFactory(SpringHibernateJpaPersistenceProvider.java:93)
	at org.springframework.orm.jpa.LocalContainerEntityManagerFactoryBean.createNativeEntityManagerFactory(LocalContainerEntityManagerFactoryBean.java:443)
	at org.springframework.orm.jpa.AbstractEntityManagerFactoryBean.buildNativeEntityManagerFactory(AbstractEntityManagerFactoryBean.java:436)
	at org.springframework.orm.jpa.AbstractEntityManagerFactoryBean.afterPropertiesSet(AbstractEntityManagerFactoryBean.java:411)
	at org.springframework.orm.jpa.LocalContainerEntityManagerFactoryBean.afterPropertiesSet(LocalContainerEntityManagerFactoryBean.java:419)
	at org.springframework.beans.factory.support.AbstractAutowireCapableBeanFactory.invokeInitMethods(AbstractAutowireCapableBeanFactory.java:1864)
	at org.springframework.beans.factory.support.AbstractAutowireCapableBeanFactory.initializeBean(AbstractAutowireCapableBeanFactory.java:1813)
	... 14 common frames omitted
Caused by: org.hibernate.HibernateException: Unable to determine Dialect without JDBC metadata (please set 'jakarta.persistence.jdbc.url' for common cases or 'hibernate.dialect' when a custom Dialect implementation must be provided)
	at org.hibernate.engine.jdbc.dialect.internal.DialectFactoryImpl.determineDialect(DialectFactoryImpl.java:190)
	at org.hibernate.engine.jdbc.dialect.internal.DialectFactoryImpl.buildDialect(DialectFactoryImpl.java:86)
	at org.hibernate.engine.jdbc.env.internal.JdbcEnvironmentInitiator.getJdbcEnvironmentWithDefaults(JdbcEnvironmentInitiator.java:200)
	at org.hibernate.engine.jdbc.env.internal.JdbcEnvironmentInitiator.getJdbcEnvironmentUsingJdbcMetadata(JdbcEnvironmentInitiator.java:452)
	at org.hibernate.engine.jdbc.env.internal.JdbcEnvironmentInitiator.getJdbcEnvironment(JdbcEnvironmentInitiator.java:143)
	at org.hibernate.engine.jdbc.env.internal.JdbcEnvironmentInitiator.initiateService(JdbcEnvironmentInitiator.java:120)
	at org.hibernate.engine.jdbc.env.internal.JdbcEnvironmentInitiator.initiateService(JdbcEnvironmentInitiator.java:80)
	at org.hibernate.boot.registry.internal.StandardServiceRegistryImpl.initiateService(StandardServiceRegistryImpl.java:133)
	at org.hibernate.service.internal.AbstractServiceRegistryImpl.createService(AbstractServiceRegistryImpl.java:260)
	... 30 common frames omitted
2026-07-14 14:30:20.913 INFO c.a.d.c.c.BatchConfigRestaurantMenu [main] restaurantMenuItemReader: checking 5 effective restaurants for menu data
2026-07-14 14:30:21.957 INFO c.a.d.c.d.s.RestClientService [main] getGlobalMenuJson: Processing menu for restaurant:Edo Japan with json size:96419
2026-07-14 14:30:22.159 INFO c.a.d.c.d.s.RestClientService [main] getGlobalMenuJson: Processing menu for restaurant:King Palace with json size:128451
2026-07-14 14:30:22.402 INFO c.a.d.c.d.s.RestClientService [main] getGlobalMenuJson: Processing menu for restaurant:OPA! with json size:68404
2026-07-14 14:30:22.642 INFO c.a.d.c.d.s.RestClientService [main] getGlobalMenuJson: Processing menu for restaurant:Original Joe's Strathmore with json size:109543
2026-07-14 14:30:22.829 INFO c.a.d.c.d.s.RestClientService [main] getGlobalMenuJson: Processing menu for restaurant:Pho Minh with json size:125803
2026-07-14 14:30:22.835 INFO c.a.d.c.c.BatchConfigRestaurantMenu [main] restaurantMenuItemReader: queued 5 menu payloads for import
2026-07-14 14:30:23.656 INFO c.a.d.c.d.s.RestaurantMenuImportService [main] importMenu: imported menu version 3 for restaurant Edo Japan (402973)
2026-07-14 14:30:24.293 INFO c.a.d.c.d.s.RestaurantMenuImportService [main] importMenu: imported menu version 4 for restaurant King Palace (616253)
2026-07-14 14:30:25.132 INFO c.a.d.c.d.s.RestaurantMenuImportService [main] importMenu: imported menu version 3 for restaurant OPA! (402985)
2026-07-14 14:30:25.736 INFO c.a.d.c.d.s.RestaurantMenuImportService [main] importMenu: imported menu version 3 for restaurant Original Joe's Strathmore (402986)
2026-07-14 14:30:26.414 INFO c.a.d.c.d.s.RestaurantMenuImportService [main] importMenu: imported menu version 3 for restaurant Pho Minh (402990)
2026-07-14 20:14:36.933 INFO c.a.d.c.c.BatchConfigRestaurantMenu [main] restaurantMenuItemReader: checking 5 effective restaurants for menu data
2026-07-14 20:14:38.079 INFO c.a.d.c.d.s.RestClientService [main] getGlobalMenuJson: Processing menu for restaurant:Edo Japan with json size:96419
2026-07-14 20:14:38.366 INFO c.a.d.c.d.s.RestClientService [main] getGlobalMenuJson: Processing menu for restaurant:King Palace with json size:128451
2026-07-14 20:14:38.572 INFO c.a.d.c.d.s.RestClientService [main] getGlobalMenuJson: Processing menu for restaurant:OPA! with json size:68404
2026-07-14 20:14:38.768 INFO c.a.d.c.d.s.RestClientService [main] getGlobalMenuJson: Processing menu for restaurant:Original Joe's Strathmore with json size:109543
2026-07-14 20:14:38.967 INFO c.a.d.c.d.s.RestClientService [main] getGlobalMenuJson: Processing menu for restaurant:Pho Minh with json size:125803
2026-07-14 20:14:38.972 INFO c.a.d.c.c.BatchConfigRestaurantMenu [main] restaurantMenuItemReader: queued 5 menu payloads for import
2026-07-14 20:14:39.683 INFO c.a.d.c.d.s.RestaurantMenuImportService [main] importMenu: imported menu version 4 for restaurant Edo Japan (402973)
2026-07-14 20:14:40.199 INFO c.a.d.c.d.s.RestaurantMenuImportService [main] importMenu: imported menu version 5 for restaurant King Palace (616253)
2026-07-14 20:14:40.622 INFO c.a.d.c.d.s.RestaurantMenuImportService [main] importMenu: imported menu version 4 for restaurant OPA! (402985)
2026-07-14 20:14:41.225 INFO c.a.d.c.d.s.RestaurantMenuImportService [main] importMenu: imported menu version 4 for restaurant Original Joe's Strathmore (402986)
2026-07-14 20:14:41.907 INFO c.a.d.c.d.s.RestaurantMenuImportService [main] importMenu: imported menu version 4 for restaurant Pho Minh (402990)
